[debug] [2021-01-16T12:04:16.413Z] ----------------------------------------------------------------------
[debug] [2021-01-16T12:04:16.416Z] Command:       /usr/local/bin/node /usr/local/bin/firebase deploy --only functions
[debug] [2021-01-16T12:04:16.416Z] CLI Version:   9.2.1
[debug] [2021-01-16T12:04:16.416Z] Platform:      darwin
[debug] [2021-01-16T12:04:16.416Z] Node Version:  v12.18.0
[debug] [2021-01-16T12:04:16.417Z] Time:          Sat Jan 16 2021 13:04:16 GMT+0100 (West Africa Standard Time)
[debug] [2021-01-16T12:04:16.417Z] ----------------------------------------------------------------------
[debug] [2021-01-16T12:04:16.417Z] 
[debug] [2021-01-16T12:04:16.428Z] > command requires scopes: ["email","openid","https://www.googleapis.com/auth/cloudplatformprojects.readonly","https://www.googleapis.com/auth/firebase","https://www.googleapis.com/auth/cloud-platform"]
[debug] [2021-01-16T12:04:16.429Z] > authorizing via signed-in user
[debug] [2021-01-16T12:04:16.429Z] [iam] checking project portfolio-bfdab for permissions ["cloudfunctions.functions.create","cloudfunctions.functions.delete","cloudfunctions.functions.get","cloudfunctions.functions.list","cloudfunctions.functions.update","cloudfunctions.operations.get","firebase.projects.get"]
[debug] [2021-01-16T12:04:16.431Z] > refreshing access token with scopes: ["email","https://www.googleapis.com/auth/cloud-platform","https://www.googleapis.com/auth/cloudplatformprojects.readonly","https://www.googleapis.com/auth/firebase","openid"]
[debug] [2021-01-16T12:04:16.432Z] >>> HTTP REQUEST POST https://www.googleapis.com/oauth2/v3/token  
 <request body omitted>
[debug] [2021-01-16T12:04:17.444Z] <<< HTTP RESPONSE 200 {"date":"Sat, 16 Jan 2021 12:04:17 GMT","pragma":"no-cache","cache-control":"no-cache, no-store, max-age=0, must-revalidate","expires":"Mon, 01 Jan 1990 00:00:00 GMT","content-type":"application/json; charset=utf-8","vary":"X-Origin, Referer, Origin,Accept-Encoding","server":"scaffolding on HTTPServer2","x-xss-protection":"0","x-frame-options":"SAMEORIGIN","x-content-type-options":"nosniff","alt-svc":"h3-29=\":443\"; ma=2592000,h3-T051=\":443\"; ma=2592000,h3-Q050=\":443\"; ma=2592000,h3-Q046=\":443\"; ma=2592000,h3-Q043=\":443\"; ma=2592000,quic=\":443\"; ma=2592000; v=\"46,43\"","accept-ranges":"none","transfer-encoding":"chunked"}
[debug] [2021-01-16T12:04:17.468Z] >>> HTTP REQUEST POST https://cloudresourcemanager.googleapis.com/v1/projects/portfolio-bfdab:testIamPermissions  
 {"permissions":["cloudfunctions.functions.create","cloudfunctions.functions.delete","cloudfunctions.functions.get","cloudfunctions.functions.list","cloudfunctions.functions.update","cloudfunctions.operations.get","firebase.projects.get"]}
[debug] [2021-01-16T12:04:19.298Z] <<< HTTP RESPONSE 200 {"content-type":"application/json; charset=UTF-8","vary":"X-Origin, Referer, Origin,Accept-Encoding","date":"Sat, 16 Jan 2021 12:04:19 GMT","server":"ESF","cache-control":"private","x-xss-protection":"0","x-frame-options":"SAMEORIGIN","x-content-type-options":"nosniff","server-timing":"gfet4t7; dur=1102","alt-svc":"h3-29=\":443\"; ma=2592000,h3-T051=\":443\"; ma=2592000,h3-Q050=\":443\"; ma=2592000,h3-Q046=\":443\"; ma=2592000,h3-Q043=\":443\"; ma=2592000,quic=\":443\"; ma=2592000; v=\"46,43\"","accept-ranges":"none","transfer-encoding":"chunked"}
[debug] [2021-01-16T12:04:19.299Z] >>> HTTP REQUEST POST https://iam.googleapis.com/v1/projects/portfolio-bfdab/serviceAccounts/portfolio-bfdab@appspot.gserviceaccount.com:testIamPermissions  
 {"permissions":["iam.serviceAccounts.actAs"]}
[debug] [2021-01-16T12:04:21.085Z] <<< HTTP RESPONSE 200 {"content-type":"application/json; charset=UTF-8","vary":"X-Origin, Referer, Origin,Accept-Encoding","date":"Sat, 16 Jan 2021 12:04:20 GMT","server":"ESF","cache-control":"private","x-xss-protection":"0","x-frame-options":"SAMEORIGIN","x-content-type-options":"nosniff","alt-svc":"h3-29=\":443\"; ma=2592000,h3-T051=\":443\"; ma=2592000,h3-Q050=\":443\"; ma=2592000,h3-Q046=\":443\"; ma=2592000,h3-Q043=\":443\"; ma=2592000,quic=\":443\"; ma=2592000; v=\"46,43\"","accept-ranges":"none","transfer-encoding":"chunked"}
[info] 
[info] === Deploying to 'portfolio-bfdab'...
[info] 
[info] i  deploying functions 
[debug] [2021-01-16T12:04:23.366Z] > [functions] package.json contents: {
  "name": "functions",
  "description": "Cloud Functions for Firebase",
  "scripts": {
    "serve": "firebase emulators:start --only functions",
    "shell": "firebase functions:shell",
    "start": "npm run shell",
    "deploy": "firebase deploy --only functions",
    "logs": "firebase functions:log"
  },
  "engines": {
    "node": "12"
  },
  "main": "index.js",
  "dependencies": {
    "cors": "^2.8.5",
    "firebase-admin": "^9.2.0",
    "firebase-functions": "^3.11.0",
    "nodemailer": "^6.4.17"
  },
  "devDependencies": {
    "firebase-functions-test": "^0.2.0"
  },
  "private": true
}
[info] i  functions: ensuring required API cloudfunctions.googleapis.com is enabled... 
[info] i  functions: ensuring required API cloudbuild.googleapis.com is enabled... 
[debug] [2021-01-16T12:04:24.078Z] >>> HTTP REQUEST GET https://serviceusage.googleapis.com/v1/projects/portfolio-bfdab/services/cloudfunctions.googleapis.com  
 
[debug] [2021-01-16T12:04:24.079Z] >>> HTTP REQUEST GET https://serviceusage.googleapis.com/v1/projects/portfolio-bfdab/services/runtimeconfig.googleapis.com  
 
[debug] [2021-01-16T12:04:24.079Z] >>> HTTP REQUEST GET https://serviceusage.googleapis.com/v1/projects/portfolio-bfdab/services/cloudbuild.googleapis.com  
 
[debug] [2021-01-16T12:04:26.639Z] <<< HTTP RESPONSE 200 {"content-type":"application/json; charset=UTF-8","vary":"X-Origin, Referer, Origin,Accept-Encoding","date":"Sat, 16 Jan 2021 12:04:26 GMT","server":"ESF","cache-control":"private","x-xss-protection":"0","x-frame-options":"SAMEORIGIN","x-content-type-options":"nosniff","alt-svc":"h3-29=\":443\"; ma=2592000,h3-T051=\":443\"; ma=2592000,h3-Q050=\":443\"; ma=2592000,h3-Q046=\":443\"; ma=2592000,h3-Q043=\":443\"; ma=2592000,quic=\":443\"; ma=2592000; v=\"46,43\"","accept-ranges":"none","transfer-encoding":"chunked"}
[debug] [2021-01-16T12:04:26.832Z] <<< HTTP RESPONSE 200 {"content-type":"application/json; charset=UTF-8","vary":"X-Origin, Referer, Origin,Accept-Encoding","date":"Sat, 16 Jan 2021 12:04:26 GMT","server":"ESF","cache-control":"private","x-xss-protection":"0","x-frame-options":"SAMEORIGIN","x-content-type-options":"nosniff","alt-svc":"h3-29=\":443\"; ma=2592000,h3-T051=\":443\"; ma=2592000,h3-Q050=\":443\"; ma=2592000,h3-Q046=\":443\"; ma=2592000,h3-Q043=\":443\"; ma=2592000,quic=\":443\"; ma=2592000; v=\"46,43\"","accept-ranges":"none","transfer-encoding":"chunked"}
[info] ✔  functions: required API cloudfunctions.googleapis.com is enabled 
[debug] [2021-01-16T12:04:26.851Z] <<< HTTP RESPONSE 200 {"content-type":"application/json; charset=UTF-8","vary":"X-Origin, Referer, Origin,Accept-Encoding","date":"Sat, 16 Jan 2021 12:04:26 GMT","server":"ESF","cache-control":"private","x-xss-protection":"0","x-frame-options":"SAMEORIGIN","x-content-type-options":"nosniff","alt-svc":"h3-29=\":443\"; ma=2592000,h3-T051=\":443\"; ma=2592000,h3-Q050=\":443\"; ma=2592000,h3-Q046=\":443\"; ma=2592000,h3-Q043=\":443\"; ma=2592000,quic=\":443\"; ma=2592000; v=\"46,43\"","accept-ranges":"none","transfer-encoding":"chunked"}
[info] ✔  functions: required API cloudbuild.googleapis.com is enabled 
[debug] [2021-01-16T12:04:26.852Z] >>> HTTP REQUEST GET https://firebase.googleapis.com/v1beta1/projects/portfolio-bfdab/adminSdkConfig  
 
[debug] [2021-01-16T12:04:27.864Z] <<< HTTP RESPONSE 200 {"content-type":"application/json; charset=UTF-8","vary":"X-Origin, Referer, Origin,Accept-Encoding","date":"Sat, 16 Jan 2021 12:04:27 GMT","server":"ESF","cache-control":"private","x-xss-protection":"0","x-frame-options":"SAMEORIGIN","x-content-type-options":"nosniff","alt-svc":"h3-29=\":443\"; ma=2592000,h3-T051=\":443\"; ma=2592000,h3-Q050=\":443\"; ma=2592000,h3-Q046=\":443\"; ma=2592000,h3-Q043=\":443\"; ma=2592000,quic=\":443\"; ma=2592000; v=\"46,43\"","accept-ranges":"none","transfer-encoding":"chunked"}
[info] i  functions: preparing functions directory for uploading... 
[debug] [2021-01-16T12:04:27.865Z] >>> HTTP REQUEST GET https://runtimeconfig.googleapis.com/v1beta1/projects/portfolio-bfdab/configs  
 
[debug] [2021-01-16T12:04:29.398Z] <<< HTTP RESPONSE 200 {"content-type":"application/json; charset=UTF-8","vary":"X-Origin, Referer, Origin,Accept-Encoding","date":"Sat, 16 Jan 2021 12:04:29 GMT","server":"ESF","cache-control":"private","x-xss-protection":"0","x-frame-options":"SAMEORIGIN","x-content-type-options":"nosniff","alt-svc":"h3-29=\":443\"; ma=2592000,h3-T051=\":443\"; ma=2592000,h3-Q050=\":443\"; ma=2592000,h3-Q046=\":443\"; ma=2592000,h3-Q043=\":443\"; ma=2592000,quic=\":443\"; ma=2592000; v=\"46,43\"","accept-ranges":"none","transfer-encoding":"chunked"}
[debug] [2021-01-16T12:04:29.399Z] >>> HTTP REQUEST GET https://runtimeconfig.googleapis.com/v1beta1/projects/portfolio-bfdab/configs/gmail/variables  
 
[debug] [2021-01-16T12:04:30.944Z] <<< HTTP RESPONSE 200 {"content-type":"application/json; charset=UTF-8","vary":"X-Origin, Referer, Origin,Accept-Encoding","date":"Sat, 16 Jan 2021 12:04:30 GMT","server":"ESF","cache-control":"private","x-xss-protection":"0","x-frame-options":"SAMEORIGIN","x-content-type-options":"nosniff","alt-svc":"h3-29=\":443\"; ma=2592000,h3-T051=\":443\"; ma=2592000,h3-Q050=\":443\"; ma=2592000,h3-Q046=\":443\"; ma=2592000,h3-Q043=\":443\"; ma=2592000,quic=\":443\"; ma=2592000; v=\"46,43\"","accept-ranges":"none","transfer-encoding":"chunked"}
[debug] [2021-01-16T12:04:30.945Z] >>> HTTP REQUEST GET https://runtimeconfig.googleapis.com/v1beta1/projects/portfolio-bfdab/configs/gmail/variables/password  
 
[debug] [2021-01-16T12:04:30.945Z] >>> HTTP REQUEST GET https://runtimeconfig.googleapis.com/v1beta1/projects/portfolio-bfdab/configs/gmail/variables/email  
 
[debug] [2021-01-16T12:04:31.709Z] <<< HTTP RESPONSE 200 {"content-type":"application/json; charset=UTF-8","vary":"X-Origin, Referer, Origin,Accept-Encoding","date":"Sat, 16 Jan 2021 12:04:31 GMT","server":"ESF","cache-control":"private","x-xss-protection":"0","x-frame-options":"SAMEORIGIN","x-content-type-options":"nosniff","alt-svc":"h3-29=\":443\"; ma=2592000,h3-T051=\":443\"; ma=2592000,h3-Q050=\":443\"; ma=2592000,h3-Q046=\":443\"; ma=2592000,h3-Q043=\":443\"; ma=2592000,quic=\":443\"; ma=2592000; v=\"46,43\"","accept-ranges":"none","transfer-encoding":"chunked"}
[debug] [2021-01-16T12:04:31.749Z] <<< HTTP RESPONSE 200 {"content-type":"application/json; charset=UTF-8","vary":"X-Origin, Referer, Origin,Accept-Encoding","date":"Sat, 16 Jan 2021 12:04:31 GMT","server":"ESF","cache-control":"private","x-xss-protection":"0","x-frame-options":"SAMEORIGIN","x-content-type-options":"nosniff","alt-svc":"h3-29=\":443\"; ma=2592000,h3-T051=\":443\"; ma=2592000,h3-Q050=\":443\"; ma=2592000,h3-Q046=\":443\"; ma=2592000,h3-Q043=\":443\"; ma=2592000,quic=\":443\"; ma=2592000; v=\"46,43\"","accept-ranges":"none","transfer-encoding":"chunked"}
[info] i  functions: packaged functions (21.42 KB) for uploading 
[debug] [2021-01-16T12:04:31.931Z] >>> HTTP REQUEST GET https://cloudfunctions.googleapis.com/v1/projects/portfolio-bfdab/locations/-/functions  
 
[debug] [2021-01-16T12:04:34.808Z] <<< HTTP RESPONSE 200 {"content-type":"application/json; charset=UTF-8","vary":"X-Origin, Referer, Origin,Accept-Encoding","date":"Sat, 16 Jan 2021 12:04:34 GMT","server":"ESF","cache-control":"private","x-xss-protection":"0","x-frame-options":"SAMEORIGIN","x-content-type-options":"nosniff","alt-svc":"h3-29=\":443\"; ma=2592000,h3-T051=\":443\"; ma=2592000,h3-Q050=\":443\"; ma=2592000,h3-Q046=\":443\"; ma=2592000,h3-Q043=\":443\"; ma=2592000,quic=\":443\"; ma=2592000; v=\"46,43\"","accept-ranges":"none","transfer-encoding":"chunked"}
[debug] [2021-01-16T12:04:34.811Z] >>> HTTP REQUEST POST https://cloudfunctions.googleapis.com/v1/projects/portfolio-bfdab/locations/us-central1/functions:generateUploadUrl  
 
[debug] [2021-01-16T12:04:36.168Z] <<< HTTP RESPONSE 200 {"content-type":"application/json; charset=UTF-8","vary":"X-Origin, Referer, Origin,Accept-Encoding","date":"Sat, 16 Jan 2021 12:04:36 GMT","server":"ESF","cache-control":"private","x-xss-protection":"0","x-frame-options":"SAMEORIGIN","x-content-type-options":"nosniff","alt-svc":"h3-29=\":443\"; ma=2592000,h3-T051=\":443\"; ma=2592000,h3-Q050=\":443\"; ma=2592000,h3-Q046=\":443\"; ma=2592000,h3-Q043=\":443\"; ma=2592000,quic=\":443\"; ma=2592000; v=\"46,43\"","accept-ranges":"none","transfer-encoding":"chunked"}
[debug] [2021-01-16T12:04:36.169Z] >>> HTTP REQUEST PUT https://storage.googleapis.com/gcf-upload-us-central1-967b3902-fef4-4b21-b90e-f250d4946bdd/b2c9f265-6a50-49f2-9f80-eaa5710febb9.zip?GoogleAccessId=service-118909895459@gcf-admin-robot.iam.gserviceaccount.com&Expires=1610800476&Signature=MW4qtv4toYpnfnb5TSTtICpGWPDgmwiwIABKq9BOSOri%2Fp4ItUyQUBwf5EutkbAw1600foYUXir%2FLyOfVV%2BY2%2FH8TbZMYe5rm6GbfflrQY4yLgn3E4rjlTXMQXLVSdqaC339YmhIw6HwPTByw%2FiJJh%2Bvk3fakS6sNhZkC1N4rMfMZxNzVXFBFD01idz0Qgv3D8PrCpnhL%2BIaNhb9Ugf%2F1ja5mv7%2Fui9RYx8iQZFw%2BHEMzjegJVwG%2BJXT1iHAkLSIfpOjHfNvBnU7NOWpGpkMb5iwW0EXxqkWfLpK5fjQXFclAgr4qIT5WGw8%2B9mLj2JL925JazKEwt9nZTLZASEvrw%3D%3D  
 <request body omitted>
[debug] [2021-01-16T12:04:37.733Z] <<< HTTP RESPONSE 200 {"x-guploader-uploadid":"ABg5-Uy3Kq_T85qkHc9APxyUGDiuyd1Ooy9jEbQWmLw7kP2x4htz98fGJtk8xStT4T8-4mjSoJcS-RyOHHbcxslzafE","etag":"\"ca705af87daf5d0835480e0630e4ecbb\"","x-goog-generation":"1610798677456391","x-goog-metageneration":"1","x-goog-hash":"crc32c=jXiTrQ==, md5=ynBa+H2vXQg1SA4GMOTsuw==","x-goog-stored-content-length":"21929","x-goog-stored-content-encoding":"identity","vary":"Origin","content-length":"0","date":"Sat, 16 Jan 2021 12:04:37 GMT","server":"UploadServer","content-type":"text/html; charset=UTF-8","alt-svc":"h3-29=\":443\"; ma=2592000,h3-T051=\":443\"; ma=2592000,h3-Q050=\":443\"; ma=2592000,h3-Q046=\":443\"; ma=2592000,h3-Q043=\":443\"; ma=2592000,quic=\":443\"; ma=2592000; v=\"46,43\""}
[info] ✔  functions: functions folder uploaded successfully 
[info] i  functions: updating Node.js 12 function submit(us-central1)... 
[debug] [2021-01-16T12:04:37.737Z] Trigger is:  {"httpsTrigger":{}}
[debug] [2021-01-16T12:04:37.738Z] >>> HTTP REQUEST PATCH https://cloudfunctions.googleapis.com/v1/projects/portfolio-bfdab/locations/us-central1/functions/submit {"updateMask":"sourceUploadUrl,name,labels,runtime,environmentVariables,httpsTrigger"} 
 {"sourceUploadUrl":"https://storage.googleapis.com/gcf-upload-us-central1-967b3902-fef4-4b21-b90e-f250d4946bdd/b2c9f265-6a50-49f2-9f80-eaa5710febb9.zip?GoogleAccessId=service-118909895459@gcf-admin-robot.iam.gserviceaccount.com&Expires=1610800476&Signature=MW4qtv4toYpnfnb5TSTtICpGWPDgmwiwIABKq9BOSOri%2Fp4ItUyQUBwf5EutkbAw1600foYUXir%2FLyOfVV%2BY2%2FH8TbZMYe5rm6GbfflrQY4yLgn3E4rjlTXMQXLVSdqaC339YmhIw6HwPTByw%2FiJJh%2Bvk3fakS6sNhZkC1N4rMfMZxNzVXFBFD01idz0Qgv3D8PrCpnhL%2BIaNhb9Ugf%2F1ja5mv7%2Fui9RYx8iQZFw%2BHEMzjegJVwG%2BJXT1iHAkLSIfpOjHfNvBnU7NOWpGpkMb5iwW0EXxqkWfLpK5fjQXFclAgr4qIT5WGw8%2B9mLj2JL925JazKEwt9nZTLZASEvrw%3D%3D","name":"projects/portfolio-bfdab/locations/us-central1/functions/submit","labels":{"deployment-tool":"cli-firebase"},"httpsTrigger":{},"runtime":"nodejs12","environmentVariables":{"FIREBASE_CONFIG":"{\"projectId\":\"portfolio-bfdab\",\"storageBucket\":\"portfolio-bfdab.appspot.com\",\"locationId\":\"us-central\"}"}}
[debug] [2021-01-16T12:04:38.952Z] <<< HTTP RESPONSE 200 {"content-type":"application/json; charset=UTF-8","vary":"X-Origin, Referer, Origin,Accept-Encoding","date":"Sat, 16 Jan 2021 12:04:38 GMT","server":"ESF","cache-control":"private","x-xss-protection":"0","x-frame-options":"SAMEORIGIN","x-content-type-options":"nosniff","alt-svc":"h3-29=\":443\"; ma=2592000,h3-T051=\":443\"; ma=2592000,h3-Q050=\":443\"; ma=2592000,h3-Q046=\":443\"; ma=2592000,h3-Q043=\":443\"; ma=2592000,quic=\":443\"; ma=2592000; v=\"46,43\"","accept-ranges":"none","transfer-encoding":"chunked"}
[debug] [2021-01-16T12:04:38.954Z] >>> HTTP REQUEST GET https://cloudfunctions.googleapis.com/v1/projects/portfolio-bfdab/locations/-/functions  
 
[debug] [2021-01-16T12:04:40.360Z] <<< HTTP RESPONSE 200 {"content-type":"application/json; charset=UTF-8","vary":"X-Origin, Referer, Origin,Accept-Encoding","date":"Sat, 16 Jan 2021 12:04:40 GMT","server":"ESF","cache-control":"private","x-xss-protection":"0","x-frame-options":"SAMEORIGIN","x-content-type-options":"nosniff","alt-svc":"h3-29=\":443\"; ma=2592000,h3-T051=\":443\"; ma=2592000,h3-Q050=\":443\"; ma=2592000,h3-Q046=\":443\"; ma=2592000,h3-Q043=\":443\"; ma=2592000,quic=\":443\"; ma=2592000; v=\"46,43\"","accept-ranges":"none","transfer-encoding":"chunked"}
[debug] [2021-01-16T12:04:40.361Z] >>> HTTP REQUEST GET https://cloudfunctions.googleapis.com/v1/operations/cG9ydGZvbGlvLWJmZGFiL3VzLWNlbnRyYWwxL3N1Ym1pdC85MlZfdVZCeW80Yw  
 
[debug] [2021-01-16T12:04:41.224Z] <<< HTTP RESPONSE 200 {"content-type":"application/json; charset=UTF-8","vary":"X-Origin, Referer, Origin,Accept-Encoding","date":"Sat, 16 Jan 2021 12:04:41 GMT","server":"ESF","cache-control":"private","x-xss-protection":"0","x-frame-options":"SAMEORIGIN","x-content-type-options":"nosniff","alt-svc":"h3-29=\":443\"; ma=2592000,h3-T051=\":443\"; ma=2592000,h3-Q050=\":443\"; ma=2592000,h3-Q046=\":443\"; ma=2592000,h3-Q043=\":443\"; ma=2592000,quic=\":443\"; ma=2592000; v=\"46,43\"","accept-ranges":"none","transfer-encoding":"chunked"}
[debug] [2021-01-16T12:04:43.228Z] >>> HTTP REQUEST GET https://cloudfunctions.googleapis.com/v1/operations/cG9ydGZvbGlvLWJmZGFiL3VzLWNlbnRyYWwxL3N1Ym1pdC85MlZfdVZCeW80Yw  
 
[debug] [2021-01-16T12:04:44.060Z] <<< HTTP RESPONSE 200 {"content-type":"application/json; charset=UTF-8","vary":"X-Origin, Referer, Origin,Accept-Encoding","date":"Sat, 16 Jan 2021 12:04:44 GMT","server":"ESF","cache-control":"private","x-xss-protection":"0","x-frame-options":"SAMEORIGIN","x-content-type-options":"nosniff","alt-svc":"h3-29=\":443\"; ma=2592000,h3-T051=\":443\"; ma=2592000,h3-Q050=\":443\"; ma=2592000,h3-Q046=\":443\"; ma=2592000,h3-Q043=\":443\"; ma=2592000,quic=\":443\"; ma=2592000; v=\"46,43\"","accept-ranges":"none","transfer-encoding":"chunked"}
[debug] [2021-01-16T12:04:46.064Z] >>> HTTP REQUEST GET https://cloudfunctions.googleapis.com/v1/operations/cG9ydGZvbGlvLWJmZGFiL3VzLWNlbnRyYWwxL3N1Ym1pdC85MlZfdVZCeW80Yw  
 
[debug] [2021-01-16T12:04:46.864Z] <<< HTTP RESPONSE 200 {"content-type":"application/json; charset=UTF-8","vary":"X-Origin, Referer, Origin,Accept-Encoding","date":"Sat, 16 Jan 2021 12:04:46 GMT","server":"ESF","cache-control":"private","x-xss-protection":"0","x-frame-options":"SAMEORIGIN","x-content-type-options":"nosniff","alt-svc":"h3-29=\":443\"; ma=2592000,h3-T051=\":443\"; ma=2592000,h3-Q050=\":443\"; ma=2592000,h3-Q046=\":443\"; ma=2592000,h3-Q043=\":443\"; ma=2592000,quic=\":443\"; ma=2592000; v=\"46,43\"","accept-ranges":"none","transfer-encoding":"chunked"}
[debug] [2021-01-16T12:04:48.868Z] >>> HTTP REQUEST GET https://cloudfunctions.googleapis.com/v1/operations/cG9ydGZvbGlvLWJmZGFiL3VzLWNlbnRyYWwxL3N1Ym1pdC85MlZfdVZCeW80Yw  
 
[debug] [2021-01-16T12:04:49.676Z] <<< HTTP RESPONSE 200 {"content-type":"application/json; charset=UTF-8","vary":"X-Origin, Referer, Origin,Accept-Encoding","date":"Sat, 16 Jan 2021 12:04:49 GMT","server":"ESF","cache-control":"private","x-xss-protection":"0","x-frame-options":"SAMEORIGIN","x-content-type-options":"nosniff","alt-svc":"h3-29=\":443\"; ma=2592000,h3-T051=\":443\"; ma=2592000,h3-Q050=\":443\"; ma=2592000,h3-Q046=\":443\"; ma=2592000,h3-Q043=\":443\"; ma=2592000,quic=\":443\"; ma=2592000; v=\"46,43\"","accept-ranges":"none","transfer-encoding":"chunked"}
[debug] [2021-01-16T12:04:51.681Z] >>> HTTP REQUEST GET https://cloudfunctions.googleapis.com/v1/operations/cG9ydGZvbGlvLWJmZGFiL3VzLWNlbnRyYWwxL3N1Ym1pdC85MlZfdVZCeW80Yw  
 
[debug] [2021-01-16T12:04:52.747Z] <<< HTTP RESPONSE 200 {"content-type":"application/json; charset=UTF-8","vary":"X-Origin, Referer, Origin,Accept-Encoding","date":"Sat, 16 Jan 2021 12:04:52 GMT","server":"ESF","cache-control":"private","x-xss-protection":"0","x-frame-options":"SAMEORIGIN","x-content-type-options":"nosniff","alt-svc":"h3-29=\":443\"; ma=2592000,h3-T051=\":443\"; ma=2592000,h3-Q050=\":443\"; ma=2592000,h3-Q046=\":443\"; ma=2592000,h3-Q043=\":443\"; ma=2592000,quic=\":443\"; ma=2592000; v=\"46,43\"","accept-ranges":"none","transfer-encoding":"chunked"}
[debug] [2021-01-16T12:04:54.753Z] >>> HTTP REQUEST GET https://cloudfunctions.googleapis.com/v1/operations/cG9ydGZvbGlvLWJmZGFiL3VzLWNlbnRyYWwxL3N1Ym1pdC85MlZfdVZCeW80Yw  
 
[debug] [2021-01-16T12:04:56.241Z] <<< HTTP RESPONSE 200 {"content-type":"application/json; charset=UTF-8","vary":"X-Origin, Referer, Origin,Accept-Encoding","date":"Sat, 16 Jan 2021 12:04:56 GMT","server":"ESF","cache-control":"private","x-xss-protection":"0","x-frame-options":"SAMEORIGIN","x-content-type-options":"nosniff","alt-svc":"h3-29=\":443\"; ma=2592000,h3-T051=\":443\"; ma=2592000,h3-Q050=\":443\"; ma=2592000,h3-Q046=\":443\"; ma=2592000,h3-Q043=\":443\"; ma=2592000,quic=\":443\"; ma=2592000; v=\"46,43\"","accept-ranges":"none","transfer-encoding":"chunked"}
[debug] [2021-01-16T12:04:58.243Z] >>> HTTP REQUEST GET https://cloudfunctions.googleapis.com/v1/operations/cG9ydGZvbGlvLWJmZGFiL3VzLWNlbnRyYWwxL3N1Ym1pdC85MlZfdVZCeW80Yw  
 
[debug] [2021-01-16T12:04:59.199Z] <<< HTTP RESPONSE 200 {"content-type":"application/json; charset=UTF-8","vary":"X-Origin, Referer, Origin,Accept-Encoding","date":"Sat, 16 Jan 2021 12:04:59 GMT","server":"ESF","cache-control":"private","x-xss-protection":"0","x-frame-options":"SAMEORIGIN","x-content-type-options":"nosniff","alt-svc":"h3-29=\":443\"; ma=2592000,h3-T051=\":443\"; ma=2592000,h3-Q050=\":443\"; ma=2592000,h3-Q046=\":443\"; ma=2592000,h3-Q043=\":443\"; ma=2592000,quic=\":443\"; ma=2592000; v=\"46,43\"","accept-ranges":"none","transfer-encoding":"chunked"}
[debug] [2021-01-16T12:05:01.205Z] >>> HTTP REQUEST GET https://cloudfunctions.googleapis.com/v1/operations/cG9ydGZvbGlvLWJmZGFiL3VzLWNlbnRyYWwxL3N1Ym1pdC85MlZfdVZCeW80Yw  
 
[debug] [2021-01-16T12:05:02.101Z] <<< HTTP RESPONSE 200 {"content-type":"application/json; charset=UTF-8","vary":"X-Origin, Referer, Origin,Accept-Encoding","date":"Sat, 16 Jan 2021 12:05:01 GMT","server":"ESF","cache-control":"private","x-xss-protection":"0","x-frame-options":"SAMEORIGIN","x-content-type-options":"nosniff","alt-svc":"h3-29=\":443\"; ma=2592000,h3-T051=\":443\"; ma=2592000,h3-Q050=\":443\"; ma=2592000,h3-Q046=\":443\"; ma=2592000,h3-Q043=\":443\"; ma=2592000,quic=\":443\"; ma=2592000; v=\"46,43\"","accept-ranges":"none","transfer-encoding":"chunked"}
[debug] [2021-01-16T12:05:04.104Z] >>> HTTP REQUEST GET https://cloudfunctions.googleapis.com/v1/operations/cG9ydGZvbGlvLWJmZGFiL3VzLWNlbnRyYWwxL3N1Ym1pdC85MlZfdVZCeW80Yw  
 
[debug] [2021-01-16T12:05:04.895Z] <<< HTTP RESPONSE 200 {"content-type":"application/json; charset=UTF-8","vary":"X-Origin, Referer, Origin,Accept-Encoding","date":"Sat, 16 Jan 2021 12:05:04 GMT","server":"ESF","cache-control":"private","x-xss-protection":"0","x-frame-options":"SAMEORIGIN","x-content-type-options":"nosniff","alt-svc":"h3-29=\":443\"; ma=2592000,h3-T051=\":443\"; ma=2592000,h3-Q050=\":443\"; ma=2592000,h3-Q046=\":443\"; ma=2592000,h3-Q043=\":443\"; ma=2592000,quic=\":443\"; ma=2592000; v=\"46,43\"","accept-ranges":"none","transfer-encoding":"chunked"}
[debug] [2021-01-16T12:05:06.897Z] >>> HTTP REQUEST GET https://cloudfunctions.googleapis.com/v1/operations/cG9ydGZvbGlvLWJmZGFiL3VzLWNlbnRyYWwxL3N1Ym1pdC85MlZfdVZCeW80Yw  
 
[debug] [2021-01-16T12:05:07.688Z] <<< HTTP RESPONSE 200 {"content-type":"application/json; charset=UTF-8","vary":"X-Origin, Referer, Origin,Accept-Encoding","date":"Sat, 16 Jan 2021 12:05:07 GMT","server":"ESF","cache-control":"private","x-xss-protection":"0","x-frame-options":"SAMEORIGIN","x-content-type-options":"nosniff","alt-svc":"h3-29=\":443\"; ma=2592000,h3-T051=\":443\"; ma=2592000,h3-Q050=\":443\"; ma=2592000,h3-Q046=\":443\"; ma=2592000,h3-Q043=\":443\"; ma=2592000,quic=\":443\"; ma=2592000; v=\"46,43\"","accept-ranges":"none","transfer-encoding":"chunked"}
[debug] [2021-01-16T12:05:09.691Z] >>> HTTP REQUEST GET https://cloudfunctions.googleapis.com/v1/operations/cG9ydGZvbGlvLWJmZGFiL3VzLWNlbnRyYWwxL3N1Ym1pdC85MlZfdVZCeW80Yw  
 
[debug] [2021-01-16T12:05:10.678Z] <<< HTTP RESPONSE 200 {"content-type":"application/json; charset=UTF-8","vary":"X-Origin, Referer, Origin,Accept-Encoding","date":"Sat, 16 Jan 2021 12:05:10 GMT","server":"ESF","cache-control":"private","x-xss-protection":"0","x-frame-options":"SAMEORIGIN","x-content-type-options":"nosniff","alt-svc":"h3-29=\":443\"; ma=2592000,h3-T051=\":443\"; ma=2592000,h3-Q050=\":443\"; ma=2592000,h3-Q046=\":443\"; ma=2592000,h3-Q043=\":443\"; ma=2592000,quic=\":443\"; ma=2592000; v=\"46,43\"","accept-ranges":"none","transfer-encoding":"chunked"}
[debug] [2021-01-16T12:05:12.681Z] >>> HTTP REQUEST GET https://cloudfunctions.googleapis.com/v1/operations/cG9ydGZvbGlvLWJmZGFiL3VzLWNlbnRyYWwxL3N1Ym1pdC85MlZfdVZCeW80Yw  
 
[debug] [2021-01-16T12:05:13.473Z] <<< HTTP RESPONSE 200 {"content-type":"application/json; charset=UTF-8","vary":"X-Origin, Referer, Origin,Accept-Encoding","date":"Sat, 16 Jan 2021 12:05:13 GMT","server":"ESF","cache-control":"private","x-xss-protection":"0","x-frame-options":"SAMEORIGIN","x-content-type-options":"nosniff","alt-svc":"h3-29=\":443\"; ma=2592000,h3-T051=\":443\"; ma=2592000,h3-Q050=\":443\"; ma=2592000,h3-Q046=\":443\"; ma=2592000,h3-Q043=\":443\"; ma=2592000,quic=\":443\"; ma=2592000; v=\"46,43\"","accept-ranges":"none","transfer-encoding":"chunked"}
[debug] [2021-01-16T12:05:15.478Z] >>> HTTP REQUEST GET https://cloudfunctions.googleapis.com/v1/operations/cG9ydGZvbGlvLWJmZGFiL3VzLWNlbnRyYWwxL3N1Ym1pdC85MlZfdVZCeW80Yw  
 
[debug] [2021-01-16T12:05:16.455Z] <<< HTTP RESPONSE 200 {"content-type":"application/json; charset=UTF-8","vary":"X-Origin, Referer, Origin,Accept-Encoding","date":"Sat, 16 Jan 2021 12:05:16 GMT","server":"ESF","cache-control":"private","x-xss-protection":"0","x-frame-options":"SAMEORIGIN","x-content-type-options":"nosniff","alt-svc":"h3-29=\":443\"; ma=2592000,h3-T051=\":443\"; ma=2592000,h3-Q050=\":443\"; ma=2592000,h3-Q046=\":443\"; ma=2592000,h3-Q043=\":443\"; ma=2592000,quic=\":443\"; ma=2592000; v=\"46,43\"","accept-ranges":"none","transfer-encoding":"chunked"}
[debug] [2021-01-16T12:05:18.457Z] >>> HTTP REQUEST GET https://cloudfunctions.googleapis.com/v1/operations/cG9ydGZvbGlvLWJmZGFiL3VzLWNlbnRyYWwxL3N1Ym1pdC85MlZfdVZCeW80Yw  
 
[debug] [2021-01-16T12:05:19.515Z] <<< HTTP RESPONSE 200 {"content-type":"application/json; charset=UTF-8","vary":"X-Origin, Referer, Origin,Accept-Encoding","date":"Sat, 16 Jan 2021 12:05:19 GMT","server":"ESF","cache-control":"private","x-xss-protection":"0","x-frame-options":"SAMEORIGIN","x-content-type-options":"nosniff","alt-svc":"h3-29=\":443\"; ma=2592000,h3-T051=\":443\"; ma=2592000,h3-Q050=\":443\"; ma=2592000,h3-Q046=\":443\"; ma=2592000,h3-Q043=\":443\"; ma=2592000,quic=\":443\"; ma=2592000; v=\"46,43\"","accept-ranges":"none","transfer-encoding":"chunked"}
[debug] [2021-01-16T12:05:21.517Z] >>> HTTP REQUEST GET https://cloudfunctions.googleapis.com/v1/operations/cG9ydGZvbGlvLWJmZGFiL3VzLWNlbnRyYWwxL3N1Ym1pdC85MlZfdVZCeW80Yw  
 
[debug] [2021-01-16T12:05:22.403Z] <<< HTTP RESPONSE 200 {"content-type":"application/json; charset=UTF-8","vary":"X-Origin, Referer, Origin,Accept-Encoding","date":"Sat, 16 Jan 2021 12:05:22 GMT","server":"ESF","cache-control":"private","x-xss-protection":"0","x-frame-options":"SAMEORIGIN","x-content-type-options":"nosniff","alt-svc":"h3-29=\":443\"; ma=2592000,h3-T051=\":443\"; ma=2592000,h3-Q050=\":443\"; ma=2592000,h3-Q046=\":443\"; ma=2592000,h3-Q043=\":443\"; ma=2592000,quic=\":443\"; ma=2592000; v=\"46,43\"","accept-ranges":"none","transfer-encoding":"chunked"}
[debug] [2021-01-16T12:05:24.408Z] >>> HTTP REQUEST GET https://cloudfunctions.googleapis.com/v1/operations/cG9ydGZvbGlvLWJmZGFiL3VzLWNlbnRyYWwxL3N1Ym1pdC85MlZfdVZCeW80Yw  
 
[debug] [2021-01-16T12:05:25.309Z] <<< HTTP RESPONSE 200 {"content-type":"application/json; charset=UTF-8","vary":"X-Origin, Referer, Origin,Accept-Encoding","date":"Sat, 16 Jan 2021 12:05:25 GMT","server":"ESF","cache-control":"private","x-xss-protection":"0","x-frame-options":"SAMEORIGIN","x-content-type-options":"nosniff","alt-svc":"h3-29=\":443\"; ma=2592000,h3-T051=\":443\"; ma=2592000,h3-Q050=\":443\"; ma=2592000,h3-Q046=\":443\"; ma=2592000,h3-Q043=\":443\"; ma=2592000,quic=\":443\"; ma=2592000; v=\"46,43\"","accept-ranges":"none","transfer-encoding":"chunked"}
[debug] [2021-01-16T12:05:27.313Z] >>> HTTP REQUEST GET https://cloudfunctions.googleapis.com/v1/operations/cG9ydGZvbGlvLWJmZGFiL3VzLWNlbnRyYWwxL3N1Ym1pdC85MlZfdVZCeW80Yw  
 
[debug] [2021-01-16T12:05:28.106Z] <<< HTTP RESPONSE 200 {"content-type":"application/json; charset=UTF-8","vary":"X-Origin, Referer, Origin,Accept-Encoding","date":"Sat, 16 Jan 2021 12:05:28 GMT","server":"ESF","cache-control":"private","x-xss-protection":"0","x-frame-options":"SAMEORIGIN","x-content-type-options":"nosniff","alt-svc":"h3-29=\":443\"; ma=2592000,h3-T051=\":443\"; ma=2592000,h3-Q050=\":443\"; ma=2592000,h3-Q046=\":443\"; ma=2592000,h3-Q043=\":443\"; ma=2592000,quic=\":443\"; ma=2592000; v=\"46,43\"","accept-ranges":"none","transfer-encoding":"chunked"}
[debug] [2021-01-16T12:05:30.112Z] >>> HTTP REQUEST GET https://cloudfunctions.googleapis.com/v1/operations/cG9ydGZvbGlvLWJmZGFiL3VzLWNlbnRyYWwxL3N1Ym1pdC85MlZfdVZCeW80Yw  
 
[debug] [2021-01-16T12:05:30.912Z] <<< HTTP RESPONSE 200 {"content-type":"application/json; charset=UTF-8","vary":"X-Origin, Referer, Origin,Accept-Encoding","date":"Sat, 16 Jan 2021 12:05:30 GMT","server":"ESF","cache-control":"private","x-xss-protection":"0","x-frame-options":"SAMEORIGIN","x-content-type-options":"nosniff","alt-svc":"h3-29=\":443\"; ma=2592000,h3-T051=\":443\"; ma=2592000,h3-Q050=\":443\"; ma=2592000,h3-Q046=\":443\"; ma=2592000,h3-Q043=\":443\"; ma=2592000,quic=\":443\"; ma=2592000; v=\"46,43\"","accept-ranges":"none","transfer-encoding":"chunked"}
[debug] [2021-01-16T12:05:32.913Z] >>> HTTP REQUEST GET https://cloudfunctions.googleapis.com/v1/operations/cG9ydGZvbGlvLWJmZGFiL3VzLWNlbnRyYWwxL3N1Ym1pdC85MlZfdVZCeW80Yw  
 
[debug] [2021-01-16T12:05:33.716Z] <<< HTTP RESPONSE 200 {"content-type":"application/json; charset=UTF-8","vary":"X-Origin, Referer, Origin,Accept-Encoding","date":"Sat, 16 Jan 2021 12:05:33 GMT","server":"ESF","cache-control":"private","x-xss-protection":"0","x-frame-options":"SAMEORIGIN","x-content-type-options":"nosniff","alt-svc":"h3-29=\":443\"; ma=2592000,h3-T051=\":443\"; ma=2592000,h3-Q050=\":443\"; ma=2592000,h3-Q046=\":443\"; ma=2592000,h3-Q043=\":443\"; ma=2592000,quic=\":443\"; ma=2592000; v=\"46,43\"","accept-ranges":"none","transfer-encoding":"chunked"}
[debug] [2021-01-16T12:05:35.721Z] >>> HTTP REQUEST GET https://cloudfunctions.googleapis.com/v1/operations/cG9ydGZvbGlvLWJmZGFiL3VzLWNlbnRyYWwxL3N1Ym1pdC85MlZfdVZCeW80Yw  
 
[debug] [2021-01-16T12:05:36.560Z] <<< HTTP RESPONSE 200 {"content-type":"application/json; charset=UTF-8","vary":"X-Origin, Referer, Origin,Accept-Encoding","date":"Sat, 16 Jan 2021 12:05:36 GMT","server":"ESF","cache-control":"private","x-xss-protection":"0","x-frame-options":"SAMEORIGIN","x-content-type-options":"nosniff","alt-svc":"h3-29=\":443\"; ma=2592000,h3-T051=\":443\"; ma=2592000,h3-Q050=\":443\"; ma=2592000,h3-Q046=\":443\"; ma=2592000,h3-Q043=\":443\"; ma=2592000,quic=\":443\"; ma=2592000; v=\"46,43\"","accept-ranges":"none","transfer-encoding":"chunked"}
[debug] [2021-01-16T12:05:38.563Z] >>> HTTP REQUEST GET https://cloudfunctions.googleapis.com/v1/operations/cG9ydGZvbGlvLWJmZGFiL3VzLWNlbnRyYWwxL3N1Ym1pdC85MlZfdVZCeW80Yw  
 
[debug] [2021-01-16T12:05:39.371Z] <<< HTTP RESPONSE 200 {"content-type":"application/json; charset=UTF-8","vary":"X-Origin, Referer, Origin,Accept-Encoding","date":"Sat, 16 Jan 2021 12:05:39 GMT","server":"ESF","cache-control":"private","x-xss-protection":"0","x-frame-options":"SAMEORIGIN","x-content-type-options":"nosniff","alt-svc":"h3-29=\":443\"; ma=2592000,h3-T051=\":443\"; ma=2592000,h3-Q050=\":443\"; ma=2592000,h3-Q046=\":443\"; ma=2592000,h3-Q043=\":443\"; ma=2592000,quic=\":443\"; ma=2592000; v=\"46,43\"","accept-ranges":"none","transfer-encoding":"chunked"}
[debug] [2021-01-16T12:05:41.376Z] >>> HTTP REQUEST GET https://cloudfunctions.googleapis.com/v1/operations/cG9ydGZvbGlvLWJmZGFiL3VzLWNlbnRyYWwxL3N1Ym1pdC85MlZfdVZCeW80Yw  
 
[debug] [2021-01-16T12:05:42.186Z] <<< HTTP RESPONSE 200 {"content-type":"application/json; charset=UTF-8","vary":"X-Origin, Referer, Origin,Accept-Encoding","date":"Sat, 16 Jan 2021 12:05:42 GMT","server":"ESF","cache-control":"private","x-xss-protection":"0","x-frame-options":"SAMEORIGIN","x-content-type-options":"nosniff","alt-svc":"h3-29=\":443\"; ma=2592000,h3-T051=\":443\"; ma=2592000,h3-Q050=\":443\"; ma=2592000,h3-Q046=\":443\"; ma=2592000,h3-Q043=\":443\"; ma=2592000,quic=\":443\"; ma=2592000; v=\"46,43\"","accept-ranges":"none","transfer-encoding":"chunked"}
[debug] [2021-01-16T12:05:44.189Z] >>> HTTP REQUEST GET https://cloudfunctions.googleapis.com/v1/operations/cG9ydGZvbGlvLWJmZGFiL3VzLWNlbnRyYWwxL3N1Ym1pdC85MlZfdVZCeW80Yw  
 
[debug] [2021-01-16T12:05:45.020Z] <<< HTTP RESPONSE 200 {"content-type":"application/json; charset=UTF-8","vary":"X-Origin, Referer, Origin,Accept-Encoding","date":"Sat, 16 Jan 2021 12:05:44 GMT","server":"ESF","cache-control":"private","x-xss-protection":"0","x-frame-options":"SAMEORIGIN","x-content-type-options":"nosniff","alt-svc":"h3-29=\":443\"; ma=2592000,h3-T051=\":443\"; ma=2592000,h3-Q050=\":443\"; ma=2592000,h3-Q046=\":443\"; ma=2592000,h3-Q043=\":443\"; ma=2592000,quic=\":443\"; ma=2592000; v=\"46,43\"","accept-ranges":"none","transfer-encoding":"chunked"}
[debug] [2021-01-16T12:05:47.024Z] >>> HTTP REQUEST GET https://cloudfunctions.googleapis.com/v1/operations/cG9ydGZvbGlvLWJmZGFiL3VzLWNlbnRyYWwxL3N1Ym1pdC85MlZfdVZCeW80Yw  
 
[debug] [2021-01-16T12:05:47.884Z] <<< HTTP RESPONSE 200 {"content-type":"application/json; charset=UTF-8","vary":"X-Origin, Referer, Origin,Accept-Encoding","date":"Sat, 16 Jan 2021 12:05:47 GMT","server":"ESF","cache-control":"private","x-xss-protection":"0","x-frame-options":"SAMEORIGIN","x-content-type-options":"nosniff","alt-svc":"h3-29=\":443\"; ma=2592000,h3-T051=\":443\"; ma=2592000,h3-Q050=\":443\"; ma=2592000,h3-Q046=\":443\"; ma=2592000,h3-Q043=\":443\"; ma=2592000,quic=\":443\"; ma=2592000; v=\"46,43\"","accept-ranges":"none","transfer-encoding":"chunked"}
